# JRE version: OpenJDK Runtime Environment (22.0.1+8) (build 22.0.1+8-16)
# Java VM: OpenJDK 64-Bit Server VM (22.0.1+8-16, mixed mode, sharing, tiered, compressed oops, compressed class ptrs, g1 gc, windows-amd64)
GC Precious Log:
 CardTable entry size: 512
 Card Set container configuration: InlinePtr #cards 4 size 8 Array Of Cards #cards 16 size 48 Howl #buckets 8 coarsen threshold 3686 Howl Bitmap #cards 512 size 80 coarsen threshold 460 Card regions per heap region 1 cards per card region 4096
 CPUs: 8 total, 8 available
 Memory: 16016M
 Large Page Support: Disabled
 NUMA Support: Disabled
 Compressed Oops: Enabled (Zero based)
 Heap Region Size: 2M
 Heap Min Capacity: 8M
 Heap Initial Capacity: 252M
 Heap Max Capacity: 4006M
 Pre-touch: Disabled
 Parallel Workers: 8
 Concurrent Workers: 2
 Concurrent Refinement Workers: 8
 Periodic GC: Disabled
Heap:
 garbage-first heap   total reserved 4102144K, committed 153600K, used 83954K [0x0000000705a00000, 0x0000000800000000)
  region size 2048K, 17 young (34816K), 2 survivors (4096K)
 Metaspace       used 30375K, committed 31040K, reserved 1114112K
  class space    used 3851K, committed 4160K, reserved 1048576K
GC Heap History (20 events):
Event: 5.183 GC heap before
{Heap before GC invocations=11 (full 0):
 garbage-first heap   total reserved 4102144K, committed 153600K, used 100703K [0x0000000705a00000, 0x0000000800000000)
  region size 2048K, 45 young (92160K), 2 survivors (4096K)
 Metaspace       used 23861K, committed 24320K, reserved 1114112K
  class space    used 3019K, committed 3200K, reserved 1048576K
}
Event: 5.185 GC heap after
{Heap after GC invocations=12 (full 0):
 garbage-first heap   total reserved 4102144K, committed 153600K, used 11894K [0x0000000705a00000, 0x0000000800000000)
  region size 2048K, 1 young (2048K), 1 survivors (2048K)
 Metaspace       used 23861K, committed 24320K, reserved 1114112K
  class space    used 3019K, committed 3200K, reserved 1048576K
}
Event: 5.662 GC heap before
{Heap before GC invocations=12 (full 0):
 garbage-first heap   total reserved 4102144K, committed 153600K, used 102006K [0x0000000705a00000, 0x0000000800000000)
  region size 2048K, 45 young (92160K), 1 survivors (2048K)
 Metaspace       used 24167K, committed 24640K, reserved 1114112K
  class space    used 3056K, committed 3264K, reserved 1048576K
}
Event: 5.665 GC heap after
{Heap after GC invocations=13 (full 0):
 garbage-first heap   total reserved 4102144K, committed 153600K, used 12804K [0x0000000705a00000, 0x0000000800000000)
  region size 2048K, 2 young (4096K), 2 survivors (4096K)
 Metaspace       used 24167K, committed 24640K, reserved 1114112K
  class space    used 3056K, committed 3264K, reserved 1048576K
}
Event: 6.081 GC heap before
{Heap before GC invocations=13 (full 0):
 garbage-first heap   total reserved 4102144K, committed 153600K, used 100868K [0x0000000705a00000, 0x0000000800000000)
  region size 2048K, 45 young (92160K), 2 survivors (4096K)
 Metaspace       used 24394K, committed 24896K, reserved 1114112K
  class space    used 3082K, committed 3328K, reserved 1048576K
}
Event: 6.084 GC heap after
{Heap after GC invocations=14 (full 0):
 garbage-first heap   total reserved 4102144K, committed 153600K, used 13083K [0x0000000705a00000, 0x0000000800000000)
  region size 2048K, 2 young (4096K), 2 survivors (4096K)
 Metaspace       used 24394K, committed 24896K, reserved 1114112K
  class space    used 3082K, committed 3328K, reserved 1048576K
}
Event: 6.538 GC heap before
{Heap before GC invocations=14 (full 0):
 garbage-first heap   total reserved 4102144K, committed 153600K, used 101147K [0x0000000705a00000, 0x0000000800000000)
  region size 2048K, 45 young (92160K), 2 survivors (4096K)
 Metaspace       used 24680K, committed 25152K, reserved 1114112K
  class space    used 3101K, committed 3328K, reserved 1048576K
}
Event: 6.541 GC heap after
{Heap after GC invocations=15 (full 0):
 garbage-first heap   total reserved 4102144K, committed 153600K, used 12742K [0x0000000705a00000, 0x0000000800000000)
  region size 2048K, 2 young (4096K), 2 survivors (4096K)
 Metaspace       used 24680K, committed 25152K, reserved 1114112K
  class space    used 3101K, committed 3328K, reserved 1048576K
}
Event: 6.962 GC heap before
{Heap before GC invocations=15 (full 0):
 garbage-first heap   total reserved 4102144K, committed 153600K, used 100806K [0x0000000705a00000, 0x0000000800000000)
  region size 2048K, 45 young (92160K), 2 survivors (4096K)
 Metaspace       used 24862K, committed 25280K, reserved 1114112K
  class space    used 3116K, committed 3328K, reserved 1048576K
}
Event: 6.965 GC heap after
{Heap after GC invocations=16 (full 0):
 garbage-first heap   total reserved 4102144K, committed 153600K, used 12701K [0x0000000705a00000, 0x0000000800000000)
  region size 2048K, 2 young (4096K), 2 survivors (4096K)
 Metaspace       used 24862K, committed 25280K, reserved 1114112K
  class space    used 3116K, committed 3328K, reserved 1048576K
}
Event: 7.451 GC heap before
{Heap before GC invocations=16 (full 0):
 garbage-first heap   total reserved 4102144K, committed 153600K, used 121245K [0x0000000705a00000, 0x0000000800000000)
  region size 2048K, 45 young (92160K), 2 survivors (4096K)
 Metaspace       used 27894K, committed 28480K, reserved 1114112K
  class space    used 3571K, committed 3840K, reserved 1048576K
}
Event: 7.454 GC heap after
{Heap after GC invocations=17 (full 0):
 garbage-first heap   total reserved 4102144K, committed 153600K, used 12259K [0x0000000705a00000, 0x0000000800000000)
  region size 2048K, 1 young (2048K), 1 survivors (2048K)
 Metaspace       used 27894K, committed 28480K, reserved 1114112K
  class space    used 3571K, committed 3840K, reserved 1048576K
}
Event: 7.812 GC heap before
{Heap before GC invocations=17 (full 0):
 garbage-first heap   total reserved 4102144K, committed 153600K, used 122851K [0x0000000705a00000, 0x0000000800000000)
  region size 2048K, 45 young (92160K), 1 survivors (2048K)
 Metaspace       used 28271K, committed 28928K, reserved 1114112K
  class space    used 3605K, committed 3904K, reserved 1048576K
}
Event: 7.816 GC heap after
{Heap after GC invocations=18 (full 0):
 garbage-first heap   total reserved 4102144K, committed 153600K, used 12259K [0x0000000705a00000, 0x0000000800000000)
  region size 2048K, 1 young (2048K), 1 survivors (2048K)
 Metaspace       used 28271K, committed 28928K, reserved 1114112K
  class space    used 3605K, committed 3904K, reserved 1048576K
}
Event: 8.375 GC heap before
{Heap before GC invocations=18 (full 0):
 garbage-first heap   total reserved 4102144K, committed 153600K, used 122851K [0x0000000705a00000, 0x0000000800000000)
  region size 2048K, 45 young (92160K), 1 survivors (2048K)
 Metaspace       used 29449K, committed 30080K, reserved 1114112K
  class space    used 3715K, committed 4032K, reserved 1048576K
}
Event: 8.380 GC heap after
{Heap after GC invocations=19 (full 0):
 garbage-first heap   total reserved 4102144K, committed 153600K, used 14307K [0x0000000705a00000, 0x0000000800000000)
  region size 2048K, 2 young (4096K), 2 survivors (4096K)
 Metaspace       used 29449K, committed 30080K, reserved 1114112K
  class space    used 3715K, committed 4032K, reserved 1048576K
}
Event: 8.812 GC heap before
{Heap before GC invocations=19 (full 0):
 garbage-first heap   total reserved 4102144K, committed 153600K, used 102371K [0x0000000705a00000, 0x0000000800000000)
  region size 2048K, 45 young (92160K), 2 survivors (4096K)
 Metaspace       used 29543K, committed 30144K, reserved 1114112K
  class space    used 3720K, committed 4032K, reserved 1048576K
}
Event: 8.817 GC heap after
{Heap after GC invocations=20 (full 0):
 garbage-first heap   total reserved 4102144K, committed 153600K, used 14270K [0x0000000705a00000, 0x0000000800000000)
  region size 2048K, 2 young (4096K), 2 survivors (4096K)
 Metaspace       used 29543K, committed 30144K, reserved 1114112K
  class space    used 3720K, committed 4032K, reserved 1048576K
}
Event: 9.389 GC heap before
{Heap before GC invocations=20 (full 0):
 garbage-first heap   total reserved 4102144K, committed 153600K, used 102334K [0x0000000705a00000, 0x0000000800000000)
  region size 2048K, 45 young (92160K), 2 survivors (4096K)
 Metaspace       used 30262K, committed 30848K, reserved 1114112K
  class space    used 3843K, committed 4096K, reserved 1048576K
}
Event: 9.393 GC heap after
{Heap after GC invocations=21 (full 0):
 garbage-first heap   total reserved 4102144K, committed 153600K, used 14322K [0x0000000705a00000, 0x0000000800000000)
  region size 2048K, 2 young (4096K), 2 survivors (4096K)
 Metaspace       used 30262K, committed 30848K, reserved 1114112K
  class space    used 3843K, committed 4096K, reserved 1048576K
}

